Methylation.functions :: INFO :: load_markers :: Markers file had 1294, after cell-type selection, remaining: 1269
Methylation.functions :: INFO :: align_marker_tissue_names :: V table: No missing tissues
Methylation.functions :: INFO :: select_by_tissue :: 14 filtered out.
Methylation.functions :: INFO :: select_by_tissue :: 13 filtered out.
Methylation.functions :: WARNING :: select_by_tissue :: 5 files are not in folder: ['Blood-B' 'Blood-Granul' 'Blood-Mono+Macro' 'Blood-NK' 'Blood-T']
Methylation.data_api :: WARNING :: unify :: Atlas_unify: ['Blood-B' 'Blood-Granul' 'Blood-Mono+Macro' 'Blood-NK' 'Blood-T'] not in atlas.
Methylation.mixture_model :: DEBUG :: converged :: Theta_converged at iteration 38
Methylation.mixture_model :: DEBUG :: converged :: Theta_converged at iteration 35
Methylation.mixture_model :: DEBUG :: converged :: Theta_converged at iteration 34
Methylation.mixture_model :: DEBUG :: converged :: Theta_converged at iteration 37
Methylation.mixture_model :: DEBUG :: converged :: Theta_converged at iteration 31
Methylation.mixture_model :: DEBUG :: converged :: Theta_converged at iteration 40
Methylation.mixture_model :: DEBUG :: converged :: Theta_converged at iteration 36
Methylation.mixture_model :: DEBUG :: converged :: Theta_converged at iteration 41
Methylation.mixture_model :: DEBUG :: converged :: Theta_converged at iteration 28
Methylation.mixture_model :: DEBUG :: converged :: Theta_converged at iteration 36
Methylation.mixture_model :: DEBUG :: converged :: Theta_converged at iteration 35
Methylation.mixture_model :: DEBUG :: converged :: Theta_converged at iteration 37
Methylation.mixture_model :: DEBUG :: converged :: Theta_converged at iteration 38
Methylation.mixture_model :: DEBUG :: converged :: Theta_converged at iteration 32
Methylation.mixture_model :: DEBUG :: converged :: Theta_converged at iteration 37
Methylation.mixture_model :: DEBUG :: converged :: Theta_converged at iteration 39
Methylation.mixture_model :: DEBUG :: converged :: Theta_converged at iteration 37
Methylation.mixture_model :: DEBUG :: converged :: Theta_converged at iteration 32
Methylation.mixture_model :: DEBUG :: converged :: Theta_converged at iteration 36
Methylation.mixture_model :: DEBUG :: converged :: Theta_converged at iteration 41
Methylation.mixture_model :: DEBUG :: converged :: Theta_converged at iteration 37
Methylation.mixture_model :: DEBUG :: converged :: Theta_converged at iteration 37
Methylation.mixture_model :: DEBUG :: converged :: Theta_converged at iteration 38
Methylation.mixture_model :: DEBUG :: converged :: Theta_converged at iteration 35
Methylation.mixture_model :: DEBUG :: converged :: Theta_converged at iteration 36
Methylation.mixture_model :: DEBUG :: converged :: Theta_converged at iteration 34
Methylation.mixture_model :: DEBUG :: converged :: Theta_converged at iteration 28
Methylation.mixture_model :: DEBUG :: converged :: Theta_converged at iteration 34
Methylation.mixture_model :: DEBUG :: converged :: Theta_converged at iteration 31
Methylation.mixture_model :: DEBUG :: converged :: Theta_converged at iteration 34
Methylation.mixture_model :: DEBUG :: converged :: Theta_converged at iteration 33
Methylation.mixture_model :: DEBUG :: converged :: Theta_converged at iteration 35
Methylation.mixture_model :: DEBUG :: converged :: Theta_converged at iteration 40
Methylation.mixture_model :: DEBUG :: converged :: Theta_converged at iteration 37
Methylation.mixture_model :: DEBUG :: converged :: Theta_converged at iteration 33
Methylation.mixture_model :: DEBUG :: converged :: Theta_converged at iteration 39
Methylation.mixture_model :: DEBUG :: converged :: Theta_converged at iteration 40
Methylation.mixture_model :: DEBUG :: converged :: Theta_converged at iteration 32
Methylation.mixture_model :: DEBUG :: converged :: Theta_converged at iteration 38
Methylation.mixture_model :: DEBUG :: converged :: Theta_converged at iteration 38
Methylation.mixture_model :: DEBUG :: converged :: Theta_converged at iteration 37
Methylation.mixture_model :: DEBUG :: converged :: Theta_converged at iteration 32
Methylation.mixture_model :: DEBUG :: converged :: Theta_converged at iteration 41
Methylation.mixture_model :: DEBUG :: converged :: Theta_converged at iteration 35
Methylation.mixture_model :: DEBUG :: converged :: Theta_converged at iteration 38
Methylation.mixture_model :: DEBUG :: converged :: Theta_converged at iteration 34
Methylation.mixture_model :: DEBUG :: converged :: Theta_converged at iteration 40
Methylation.mixture_model :: DEBUG :: converged :: Theta_converged at iteration 33
Methylation.mixture_model :: DEBUG :: converged :: Theta_converged at iteration 30
Methylation.mixture_model :: DEBUG :: converged :: Theta_converged at iteration 36
Methylation.mixture_model :: DEBUG :: converged :: Theta_converged at iteration 31
Methylation.mixture_model :: DEBUG :: converged :: Theta_converged at iteration 31
Methylation.mixture_model :: DEBUG :: converged :: Methylation.functions :: INFO :: load_markers :: Markers file had 1294, after cell-type selection, remaining: 1269
Methylation.functions :: INFO :: align_marker_tissue_names :: V table: No missing tissues
Methylation.functions :: INFO :: select_by_tissue :: 14 filtered out.
Methylation.functions :: INFO :: select_by_tissue :: 13 filtered out.
Methylation.functions :: WARNING :: select_by_tissue :: 5 files are not in folder: ['Blood-B' 'Blood-Granul' 'Blood-Mono+Macro' 'Blood-NK' 'Blood-T']
 :: Theta_converged at iteration 40
Methylation.mixture_model :: DEBUG :: converged :: Theta_converged at iteration 37
Methylation.mixture_model :: DEBUG :: converged :: Theta_converged at iteration 38
Methylation.mixture_model :: DEBUG :: converged :: Theta_converged at iteration 35
Methylation.mixture_model :: DEBUG :: converged :: Theta_converged at iteration 34
Methylation.mixture_model :: DEBUG :: converged :: Theta_converged at iteration 38
Methylation.mixture_model :: DEBUG :: converged :: Theta_converged at iteration 41
Methylation.mixture_model :: DEBUG :: converged :: Theta_converged at iteration 34
Methylation.mixture_model :: DEBUG :: converged :: Theta_converged at iteration 34
Methylation.mixture_model :: DEBUG :: converged :: Theta_converged at iteration 31
Methylation.mixture_model :: DEBUG :: converged :: Theta_converged at iteration 38
Methylation.mixture_model :: DEBUG :: converged :: Theta_converged at iteration 39
Methylation.mixture_model :: DEBUG :: converged :: Theta_converged at iteration 35
Methylation.mixture_model :: DEBUG :: converged :: Theta_converged at iteration 38
Methylation.mixture_model :: DEBUG :: converged :: Theta_converged at iteration 32
Methylation.mixture_model :: DEBUG :: converged :: Theta_converged at iteration 38
Methylation.mixture_model :: DEBUG :: converged :: Theta_converged at iteration 38
Methylation.mixture_model :: DEBUG :: converged :: Theta_converged at iteration 36
Methylation.mixture_model :: DEBUG :: converged :: Theta_converged at iteration 34
Methylation.mixture_model :: DEBUG :: converged :: Theta_converged at iteration 37
Methylation.mixture_model :: DEBUG :: converged :: Theta_converged at iteration 39
Methylation.mixture_model :: DEBUG :: converged :: Theta_converged at iteration 32
Methylation.mixture_model :: DEBUG :: converged :: Theta_converged at iteration 28
Methylation.mixture_model :: DEBUG :: converged :: Theta_converged at iteration 33
Methylation.mixture_model :: DEBUG :: converged :: Theta_converged at iteration 34
Methylation.mixture_model :: DEBUG :: converged :: Theta_converged at iteration 37
Methylation.mixture_model :: DEBUG :: converged :: Theta_converged at iteration 36
Methylation.mixture_model :: DEBUG :: converged :: Theta_converged at iteration 40
Methylation.mixture_model :: DEBUG :: converged :: Theta_converged at iteration 35
Methylation.mixture_model :: DEBUG :: converged :: Theta_converged at iteration 39
Methylation.mixture_model :: DEBUG :: converged :: Theta_converged at iteration 36
Methylation.mixture_model :: DEBUG :: converged :: Theta_converged at iteration 41
Methylation.mixture_model :: DEBUG :: converged :: Theta_converged at iteration 39
Methylation.mixture_model :: DEBUG :: converged :: Theta_converged at iteration 34
Methylation.mixture_model :: DEBUG :: converged :: Theta_converged at iteration 25
Methylation.mixture_model :: DEBUG :: converged :: Theta_converged at iteration 27
Methylation.mixture_model :: DEBUG :: converged :: Theta_converged at iteration 29
Methylation.mixture_model :: DEBUG :: converged :: Theta_converged at iteration 28
Methylation.mixture_model :: DEBUG :: converged :: Theta_converged at iteration 21
Methylation.mixture_model :: DEBUG :: converged :: Theta_converged at iteration 27
Methylation.mixture_model :: DEBUG :: converged :: Theta_converged at iteration 23
Methylation.mixture_model :: DEBUG :: converged :: Theta_converged at iteration 22
Methylation.mixture_model :: DEBUG :: converged :: Theta_converged at iteration 23
Methylation.mixture_model :: DEBUG :: converged :: Theta_converged at iteration 25
Methylation.mixture_model :: DEBUG :: converged :: Theta_converged at iteration 22
Methylation.mixture_model :: DEBUG :: converged :: Theta_converged at iteration 26
Methylation.mixture_model :: DEBUG :: converged :: Theta_converged at iteration 26
Methylation.mixture_model :: DEBUG :: converged :: Theta_converged at iteration 28
Methylation.mixture_model :: DEBUG :: converged :: Theta_converged at iteration 25
Methylation.mixture_model :: DEBUG :: converged :: Theta_converged at iteration 23
Methylation.mixture_model :: DEBUG :: converged :: Theta_converged at iteration 30
Methylation.mixture_model :: DEBUG :: converged :: Theta_converged at iteration 26
Methylation.mixture_model :: DEBUG :: converged :: Theta_converged at iteration 25
Methylation.mixture_model :: DEBUG :: converged :: Theta_converged at iteration 30
Methylation.mixture_model :: DEBUG :: converged :: Theta_converged at iteration 25
Methylation.mixture_model :: DEBUG :: converged :: Theta_converged at iteration 27
Methylation.mixture_model :: DEBUG :: converged :: Theta_converged at iteration 24
Methylation.mixture_model :: DEBUG :: converged :: Theta_converged at iteration 18
Methylation.mixture_model :: DEBUG :: converged :: Theta_converged at iteration 31
Methylation.mixture_model :: DEBUG :: converged :: Theta_converged at iteration 24
Methylation.mixture_model :: DEBUG :: converged :: Theta_converged at iteration 25
Methylation.mixture_model :: DEBUG :: converged :: Theta_converged at iteration 26
Methylation.mixture_model :: DEBUG :: converged :: Theta_converged at iteration 25
Methylation.mixture_model :: DEBUG :: converged :: Theta_converged at iteration 25
Methylation.mixture_model :: DEBUG :: converged :: Theta_converged at iteration 22
Methylation.mixture_model :: DEBUG :: converged :: Theta_converged at iteration 31
Methylation.mixture_model :: DEBUG :: converged :: Theta_converged at iteration 22
Methylation.mixture_model :: DEBUG :: converged :: Theta_converged at iteration 20
Methylation.mixture_model :: DEBUG :: converged :: Theta_converged at iteration 23
Methylation.mixture_model :: DEBUG :: converged :: Theta_converged at iteration 34
Methylation.mixture_model :: DEBUG :: converged :: Theta_converged at iteration 26
Methylation.mixture_model :: DEBUG :: converged :: Theta_converged at iteration 22
Methylation.mixture_model :: DEBUG :: converged :: Theta_converged at iteration 25
Methylation.mixture_model :: DEBUG :: converged :: Theta_converged at iteration 26
Methylation.mixture_model :: DEBUG :: converged :: Theta_converged at iteration 21
Methylation.mixture_model :: DEBUG :: converged :: Theta_converged at iteration 28
Methylation.mixture_model :: DEBUG :: converged :: Theta_converged at iteration 25
Methylation.mixture_model :: DEBUG :: converged :: Theta_converged at iteration 25
Methylation.mixture_model :: DEBUG :: converged :: Theta_converged at iteration 20
Methylation.mixture_model :: DEBUG :: converged :: Theta_converged at iteration 25
Methylation.mixture_model :: DEBUG :: converged :: Theta_converged at iteration 27
Methylation.mixture_model :: DEBUG :: converged :: Theta_converged at iteration 19
Methylation.mixture_model :: DEBUG :: converged :: Theta_converged at iteration 33
Methylation.mixture_model :: DEBUG :: converged :: Theta_converged at iteration 22
Methylation.mixture_model :: DEBUG :: converged :: Theta_converged at iteration 23
Methylation.mixture_model :: DEBUG :: converged :: Theta_converged at iteration 24
Methylation.mixture_model :: DEBUG :: converged :: Theta_converged at iteration 25
Methylation.mixture_model :: DEBUG :: converged :: Theta_converged at iteration 26
Methylation.mixture_model :: DEBUG :: converged :: Theta_converged at iteration 24
Methylation.mixture_model :: DEBUG :: converged :: Theta_converged at iteration 28
Methylation.mixture_model :: DEBUG :: converged :: Theta_converged at iteration 26
Methylation.mixture_model :: DEBUG :: converged :: Theta_converged at iteration 23
Methylation.mixture_model :: DEBUG :: converged :: Theta_converged at iteration 23
Methylation.mixture_model :: DEBUG :: converged :: Theta_converged at iteration 25
Methylation.mixture_model :: DEBUG :: converged :: Theta_converged at iteration 32
Methylation.mixture_model :: DEBUG :: converged :: Theta_converged at iteration 22
Methylation.mixture_model :: DEBUG :: converged :: Theta_converged at iteration 29
Methylation.mixture_model :: DEBUG :: converged :: Theta_converged at iteration 28
Methylation.mixture_model :: DEBUG :: converged :: Theta_converged at iteration 27
Methylation.mixture_model :: DEBUG :: converged :: Theta_converged at iteration 24
Methylation.mixture_model :: DEBUG :: converged :: Theta_converged at iteration 24
Methylation.mixture_model :: DEBUG :: converged :: Theta_converged at iteration 23
Methylation.mixture_model :: DEBUG :: converged :: Theta_converged at iteration 21
Methylation.mixture_model :: DEBUG :: converged :: Theta_converged at iteration 21
Methylation.mixture_model :: DEBUG :: converged :: Theta_converged at iteration 30
Methylation.mixture_model :: DEBUG :: converged :: Theta_converged at iteration 30
Methylation.mixture_model :: DEBUG :: converged :: Theta_converged at iteration 27
Methylation.mixture_model :: DEBUG :: converged :: Theta_converged at iteration 28
Methylation.mixture_model :: DEBUG :: converged :: Theta_converged at iteration 27
Methylation.mixture_model :: DEBUG :: converged :: Theta_converged at iteration 30
Methylation.mixture_model :: DEBUG :: converged :: Theta_converged at iteration 26
Methylation.mixture_model :: DEBUG :: converged :: Theta_converged at iteration 25
Methylation.mixture_model :: DEBUG :: converged :: Theta_converged at iteration 26
Methylation.mixture_model :: DEBUG :: converged :: Theta_converged at iteration 22
Methylation.mixture_model :: DEBUG :: converged :: Theta_converged at iteration 23
Methylation.mixture_model :: DEBUG :: converged :: Theta_converged at iteration 23
Methylation.mixture_model :: DEBUG :: converged :: Theta_converged at iteration 21
Methylation.mixture_model :: DEBUG :: converged :: Theta_converged at iteration 28
Methylation.mixture_model :: DEBUG :: converged :: Theta_converged at iteration 23
Methylation.mixture_model :: DEBUG :: converged :: Theta_converged at iteration 24
Methylation.mixture_model :: DEBUG :: converged :: Theta_converged at iteration 24
Methylation.mixture_model :: DEBUG :: converged :: Theta_converged at iteration 24
Methylation.mixture_model :: DEBUG :: converged :: Theta_converged at iteration 22
Methylation.mixture_model :: DEBUG :: converged :: Theta_converged at iteration 29
Methylation.mixture_model :: DEBUG :: converged :: Theta_converged at iteration 28
Methylation.mixture_model :: DEBUG :: converged :: Theta_converged at iteration 27
Methylation.mixture_model :: DEBUG :: converged :: Theta_converged at iteration 24
Methylation.mixture_model :: DEBUG :: converged :: Theta_converged at iteration 27
Methylation.mixture_model :: DEBUG :: converged :: Theta_converged at iteration 23
Methylation.mixture_model :: DEBUG :: converged :: Theta_converged at iteration 27
Methylation.mixture_model :: DEBUG :: converged :: Theta_converged at iteration 28
Methylation.mixture_model :: DEBUG :: converged :: Theta_converged at iteration 21
Methylation.mixture_model :: DEBUG :: converged :: Theta_converged at iteration 27
Methylation.mixture_model :: DEBUG :: converged :: Theta_converged at iteration 25
